<?xml version="1.0" encoding="UTF-8"?>
<!-- Generated by org.testng.reporters.JUnitXMLReporter -->
<testsuite ignored="0" hostname="DESKTOP-1I2RTCU" failures="1" tests="1" name="Test1" time="30.038" errors="0" timestamp="2020-10-02T15:17:52 IST">
  <testcase classname="Project.Framework.validate" name="n" time="24.841">
    <failure type="java.lang.AssertionError" message="expected [FEATURED COUR] but found [FEATURED COURSES]">
      <![CDATA[java.lang.AssertionError: expected [FEATURED COUR] but found [FEATURED COURSES]
at Project.Framework.validate.n(validate.java:34)
at java.base/java.lang.Thread.run(Thread.java:830)
]]>
    </failure>
  </testcase> <!-- n -->
</testsuite> <!-- Test1 -->
