<?xml version="1.0" encoding="UTF-8"?>
<testsuite xmlns:xsi="http://www.w3.org/2001/XMLSchema-instance" xsi:noNamespaceSchemaLocation="https://maven.apache.org/surefire/maven-surefire-plugin/xsd/surefire-test-report.xsd" name="TestSuite" time="50.977" tests="3" errors="0" skipped="0" failures="1">
  <properties>
[...]
</properties>
  <testcase name="n" classname="Project.Framework.validate" time="26.677">
    <failure message="expected [FEATURED COUR] but found [FEATURED COURSES]" type="java.lang.AssertionError">java.lang.AssertionError: expected [FEATURED COUR] but found [FEATURED COURSES]
	at Project.Framework.validate.n(validate.java:34)
</failure>
    <system-out><![CDATA[&amp#27;[35m20-09-21 20:18:29:681&amp#27;[m [&amp#27;[32mINFO&amp#27;[m] driver
&amp#27;[35m20-09-21 20:18:56:623&amp#27;[m [&amp#27;[32mINFO&amp#27;[m] home
]]></system-out>
    <system-err><![CDATA[Starting ChromeDriver 84.0.4147.30 (48b3e868b4cc0aa7e8149519690b6f6949e110a8-refs/branch-heads/4147@{#310}) on port 3694
Only lStarting ChromeDriver o8c4a.l0 .c4o1n4n7.30 (48b3e868b4cc0aa7e8149519690b6f6949e110ae8c-trieofns/branch-heads/4147@{#310}) on port 34694
Only local connections are allowed.
Please see https://chromedriver.chromium.org/security-considerations for suggesstions on keeping ChromeDriver safe.
 are allowed.
Please see https://chromedriver.chromium.org/security-considerations for suggestions on keeping ChromeDriver safe.
ChromeDriver was started successfully.
ChromeDriver was started successfully.
[1600699707.540][WARNING]: This version of ChromeDriver has not been tested with Chrome version 85.
[1600699707.951][WARNING]: This version of ChromeDriver has not been tested with Chrome version 85.
Sep 21, 2020 8:18:29 PM org.openqa.selenium.remote.ProtocolHandshake createSession
INFO: Detected dialect: W3C
Sep 21, 2020 8:18:29 PM org.openqa.selenium.remote.ProtocolHandshake createSession
INFO: Detected dialect: W3C
]]></system-err>
  </testcase>
  <testcase name="n" classname="Project.Framework.Base" time="41.274"/>
  <testcase name="n" classname="Project.Framework.Base" time="2.989"/>
</testsuite>