-------------------------------------------------------------------------------
Test set: TestSuite
-------------------------------------------------------------------------------
Tests run: 3, Failures: 1, Errors: 0, Skipped: 0, Time elapsed: 50.977 s <<< FAILURE! - in TestSuite
n(Project.Framework.validate)  Time elapsed: 26.677 s  <<< FAILURE!
java.lang.AssertionError: expected [FEATURED COUR] but found [FEATURED COURSES]
	at Project.Framework.validate.n(validate.java:34)

