<?xml version="1.0" encoding="UTF-8"?>
<testng-results ignored="0" total="3" passed="2" failed="1" skipped="0">
  <reporter-output>
  </reporter-output>
  <suite started-at="2020-09-21T20:18:25 IST" name="Suite" finished-at="2020-09-21T20:19:14 IST" duration-ms="49152">
    <groups>
    </groups>
    <test started-at="2020-09-21T20:18:25 IST" name="Test1" finished-at="2020-09-21T20:18:57 IST" duration-ms="32117">
      <class name="Project.Framework.validate">
        <test-method is-config="true" signature="beforetest()[pri:0, instance:Project.Framework.validate@78f5c518]" started-at="2020-09-21T20:18:25 IST" name="beforetest" finished-at="2020-09-21T20:18:29 IST" duration-ms="4422" status="PASS">
          <reporter-output>
          </reporter-output>
        </test-method> <!-- beforetest -->
        <test-method signature="n()[pri:0, instance:Project.Framework.validate@78f5c518]" started-at="2020-09-21T20:18:29 IST" name="n" finished-at="2020-09-21T20:18:56 IST" duration-ms="26985" status="FAIL">
          <exception class="java.lang.AssertionError">
            <message>
              <![CDATA[expected [FEATURED COUR] but found [FEATURED COURSES]]]>
            </message>
            <full-stacktrace>
              <![CDATA[java.lang.AssertionError: expected [FEATURED COUR] but found [FEATURED COURSES]
at Project.Framework.validate.n(validate.java:34)
at java.base/java.lang.Thread.run(Thread.java:830)
]]>
            </full-stacktrace>
          </exception> <!-- java.lang.AssertionError -->
          <reporter-output>
          </reporter-output>
        </test-method> <!-- n -->
        <test-method is-config="true" signature="aftertest()[pri:0, instance:Project.Framework.validate@78f5c518]" started-at="2020-09-21T20:18:57 IST" name="aftertest" finished-at="2020-09-21T20:18:57 IST" duration-ms="132" status="PASS">
          <reporter-output>
          </reporter-output>
        </test-method> <!-- aftertest -->
      </class> <!-- Project.Framework.validate -->
    </test> <!-- Test1 -->
    <test started-at="2020-09-21T20:18:25 IST" name="Test2" finished-at="2020-09-21T20:19:14 IST" duration-ms="49152">
      <class name="Project.Framework.Base">
        <test-method is-config="true" signature="beforetest()[pri:0, instance:Project.Framework.Base@4218500f]" started-at="2020-09-21T20:18:25 IST" name="beforetest" finished-at="2020-09-21T20:18:30 IST" duration-ms="4762" status="PASS">
          <reporter-output>
          </reporter-output>
        </test-method> <!-- beforetest -->
        <test-method signature="n(java.lang.String, java.lang.String)[pri:0, instance:Project.Framework.Base@4218500f]" started-at="2020-09-21T20:18:30 IST" name="n" data-provider="data" finished-at="2020-09-21T20:19:11 IST" duration-ms="41275" status="PASS">
          <params>
            <param index="0">
              <value>
                <![CDATA[samarthakrao]]>
              </value>
            </param>
            <param index="1">
              <value>
                <![CDATA[007]]>
              </value>
            </param>
          </params>
          <reporter-output>
          </reporter-output>
        </test-method> <!-- n -->
        <test-method signature="n(java.lang.String, java.lang.String)[pri:0, instance:Project.Framework.Base@4218500f]" started-at="2020-09-21T20:19:11 IST" name="n" data-provider="data" finished-at="2020-09-21T20:19:14 IST" duration-ms="2989" status="PASS">
          <params>
            <param index="0">
              <value>
                <![CDATA[dummy]]>
              </value>
            </param>
            <param index="1">
              <value>
                <![CDATA[006]]>
              </value>
            </param>
          </params>
          <reporter-output>
          </reporter-output>
        </test-method> <!-- n -->
        <test-method is-config="true" signature="aftertest()[pri:0, instance:Project.Framework.Base@4218500f]" started-at="2020-09-21T20:19:14 IST" name="aftertest" finished-at="2020-09-21T20:19:14 IST" duration-ms="102" status="PASS">
          <reporter-output>
          </reporter-output>
        </test-method> <!-- aftertest -->
      </class> <!-- Project.Framework.Base -->
    </test> <!-- Test2 -->
  </suite> <!-- Suite -->
</testng-results>
